-------------------------------------------------------------------------------
Test set: testRunner.SignupTestRunner
-------------------------------------------------------------------------------
Tests run: 70, Failures: 6, Errors: 0, Skipped: 0, Time elapsed: 200.264 s <<< FAILURE! - in testRunner.SignupTestRunner
user should not see a welcome message Welcome to your new profile page(User shall inform a valid date to sign up)  Time elapsed: 0.122 s  <<< FAILURE!
org.opentest4j.AssertionFailedError: Expected org.openqa.selenium.TimeoutException to be thrown, but nothing was thrown.

User shall inform a valid date to sign up  Time elapsed: 1.651 s  <<< FAILURE!
org.opentest4j.AssertionFailedError: Expected org.openqa.selenium.TimeoutException to be thrown, but nothing was thrown.

user should not see a welcome message Welcome to your new profile page(User shall inform a valid date to sign up)  Time elapsed: 0.101 s  <<< FAILURE!
org.opentest4j.AssertionFailedError: Expected org.openqa.selenium.TimeoutException to be thrown, but nothing was thrown.

User shall inform a valid date to sign up  Time elapsed: 1.46 s  <<< FAILURE!
org.opentest4j.AssertionFailedError: Expected org.openqa.selenium.TimeoutException to be thrown, but nothing was thrown.

user should not see a welcome message Welcome to your new profile page(User shall inform a valid email to sign up)  Time elapsed: 0.104 s  <<< FAILURE!
org.opentest4j.AssertionFailedError: Expected org.openqa.selenium.TimeoutException to be thrown, but nothing was thrown.

User shall inform a valid email to sign up  Time elapsed: 1.806 s  <<< FAILURE!
org.opentest4j.AssertionFailedError: Expected org.openqa.selenium.TimeoutException to be thrown, but nothing was thrown.

